set search_path  [list  $search_path   \
/home/xian001/SY13_DATA/RTL/sy1301/AE210P/ae210p/andes_ip/n10_core/top/hdl \
/home/xian001/SY13_DATA/RTL/sy1301/AE210P/ae210p/andes_ip/ae210/define \
/home/xian001/SY13_DATA/RTL/sy1301/AE210P/ae210p/andes_ip/peripheral_ip/apc \
/home/xian001/SY13_DATA/RTL/sy1301/AE210P/ae210p/andes_ip/ae210/top/hdl \
/home/xian001/SY13_DATA/RTL/sy1301/AE210P/ae210p/andes_ip/ae210/top/hdl/include \
/home/xian001/SY13_DATA/RTL/sy1301/AE210P/ae210p/andes_ip/peripheral_ip/gpio \
/home/xian001/SY13_DATA/RTL/sy1301/AE210P/ae210p/andes_ip/peripheral_ip/scm \
/home/xian001/SY13_DATA/RTL/sy1301/AE210P/ae210p/andes_ip/ncesfp/hdl \
/home/xian001/SY13_DATA/RTL/sy1301/AE210P/ae210p/andes_ip/peripheral_ip/pwm \
/home/xian001/SY13_DATA/RTL/sy1301/CortexM0/integration_kit/logical/user_define \
]

set RTL_FILE_LIST [ list \
/home/xian001/SY13_DATA/RTL/sy1301/AE210P/ae210p/andes_ip/ae210/top/hdl/ae210_core.v \
/home/xian001/SY13_DATA/RTL/sy1301/AE210P/ae210p/andes_ip/peripheral_ip/Ahb2Apb/AhbToApb.v \
/home/xian001/SY13_DATA/RTL/sy1301/AE210P/ae210p/andes_ip/peripheral_ip/Ahb2Apb/peripheral.v \
/home/xian001/SY13_DATA/RTL/sy1301/AE210P/ae210p/andes_ip/macro/async_clkmux.v \
/home/xian001/SY13_DATA/RTL/sy1301/AE210P/ae210p/andes_ip/peripheral_ip/gpio/n10_pad_mux.v \
/home/xian001/SY13_DATA/RTL/sy1301/AE210P/ae210p/andes_ip/peripheral_ip/gpio/n10_gpio.v \
/home/xian001/SY13_DATA/RTL/sy1301/AE210P/ae210p/andes_ip/macro/nds_lib.v \
/home/xian001/SY13_DATA/RTL/sy1301/CortexM0/integration_kit/ip_fpga/BUFG.v \
/home/xian001/SY13_DATA/RTL/sy1301/AE210P/ae210p/andes_ip/ae210/top/hdl/ae210_cpu_subsystem_n10.v \
/home/xian001/SY13_DATA/RTL/sy1301/AE210P/ae210p/andes_ip/n10_core/top/hdl/n10_core.v \
/home/xian001/SY13_DATA/RTL/sy1301/AE210P/ae210p/andes_ip/peripheral_ip/sqi/txdatactl.v \
/home/xian001/SY13_DATA/RTL/sy1301/AE210P/ae210p/andes_ip/macro/gck.v \
/home/xian001/SY13_DATA/RTL/sy1301/AE210P/ae210p/andes_ip/n10_core/edm/hdl/reg_jtagedm_ver.v \
/home/xian001/SY13_DATA/RTL/sy1301/AE210P/ae210p/andes_ip/n10_core/fcu/hdl/fcu.v \
/home/xian001/SY13_DATA/RTL/sy1301/AE210P/ae210p/andes_ip/n10_core/fcu/hdl/icache_arbiter.v \
/home/xian001/SY13_DATA/RTL/sy1301/AE210P/ae210p/andes_ip/n10_core/fcu/hdl/icache_cctl_path.v \
/home/xian001/SY13_DATA/RTL/sy1301/AE210P/ae210p/andes_ip/n10_core/fcu/hdl/icache_control_path.v \
/home/xian001/SY13_DATA/RTL/sy1301/AE210P/ae210p/andes_ip/n10_core/fcu/hdl/icache_lru_policy_manager.v \
/home/xian001/SY13_DATA/RTL/sy1301/AE210P/ae210p/andes_ip/n10_core/fcu/hdl/icache_random_policy_manager.v \
/home/xian001/SY13_DATA/RTL/sy1301/AE210P/ae210p/andes_ip/n10_core/fcu/hdl/ifetch_control_unit.v \
/home/xian001/SY13_DATA/RTL/sy1301/AE210P/ae210p/andes_ip/n10_core/fcu/hdl/ifetch_data_path.v \
/home/xian001/SY13_DATA/RTL/sy1301/AE210P/ae210p/andes_ip/n10_core/fcu/hdl/ifetch_memory.v \
/home/xian001/SY13_DATA/RTL/sy1301/AE210P/ae210p/andes_ip/n10_core/fcu/hdl/ilm_arbiter.v \
/home/xian001/SY13_DATA/RTL/sy1301/AE210P/ae210p/andes_ip/n10_core/lsu/hdl/lsu.v \
/home/xian001/SY13_DATA/RTL/sy1301/AE210P/ae210p/andes_ip/n10_core/lsu/hdl/lsu_addr_mux.v \
/home/xian001/SY13_DATA/RTL/sy1301/AE210P/ae210p/andes_ip/n10_core/lsu/hdl/lsu_adsp_load_alignment.v \
/home/xian001/SY13_DATA/RTL/sy1301/AE210P/ae210p/andes_ip/n10_core/lsu/hdl/lsu_cntrl.v \
/home/xian001/SY13_DATA/RTL/sy1301/AE210P/ae210p/andes_ip/n10_core/lsu/hdl/lsu_data_mux.v \
/home/xian001/SY13_DATA/RTL/sy1301/AE210P/ae210p/andes_ip/n10_core/lsu/hdl/lsu_dirty_mem.v \
/home/xian001/SY13_DATA/RTL/sy1301/AE210P/ae210p/andes_ip/n10_core/lsu/hdl/lsu_fb.v \
/home/xian001/SY13_DATA/RTL/sy1301/AE210P/ae210p/andes_ip/n10_core/lsu/hdl/lsu_gck.v \
/home/xian001/SY13_DATA/RTL/sy1301/AE210P/ae210p/andes_ip/n10_core/lsu/hdl/lsu_load_alignment.v \
/home/xian001/SY13_DATA/RTL/sy1301/AE210P/ae210p/andes_ip/n10_core/lsu/hdl/lsu_lru_mem.v \
/home/xian001/SY13_DATA/RTL/sy1301/AE210P/ae210p/andes_ip/n10_core/lsu/hdl/lsu_mem.v \
/home/xian001/SY13_DATA/RTL/sy1301/AE210P/ae210p/andes_ip/n10_core/memory/model/icache_ram.v \
/home/xian001/SY13_DATA/RTL/sy1301/AE210P/ae210p/andes_ip/n10_core/memory/model/dcache_ram.v \
/home/xian001/SY13_DATA/RTL/sy1301/AE210P/ae210p/andes_ip/n10_core/lsu/hdl/lsu_sb.v \
/home/xian001/SY13_DATA/RTL/sy1301/AE210P/ae210p/andes_ip/n10_core/lsu/hdl/lsu_store_alignment.v \
/home/xian001/SY13_DATA/RTL/sy1301/AE210P/ae210p/andes_ip/n10_core/lsu/hdl/lsu_wb.v \
/home/xian001/SY13_DATA/RTL/sy1301/AE210P/ae210p/andes_ip/n10_core/mmu/hdl/dtlb_ctrl.v \
/home/xian001/SY13_DATA/RTL/sy1301/AE210P/ae210p/andes_ip/n10_core/mmu/hdl/hptwk_ctrl.v \
/home/xian001/SY13_DATA/RTL/sy1301/AE210P/ae210p/andes_ip/n10_core/mmu/hdl/itlb_ctrl.v \
/home/xian001/SY13_DATA/RTL/sy1301/AE210P/ae210p/andes_ip/n10_core/mmu/hdl/mmu.v \
/home/xian001/SY13_DATA/RTL/sy1301/AE210P/ae210p/andes_ip/n10_core/mmu/hdl/mmu_gck.v \
/home/xian001/SY13_DATA/RTL/sy1301/AE210P/ae210p/andes_ip/n10_core/mmu/hdl/mtlb_ctrl.v \
/home/xian001/SY13_DATA/RTL/sy1301/AE210P/ae210p/andes_ip/n10_core/mmu/hdl/mtlb_plru.v \
/home/xian001/SY13_DATA/RTL/sy1301/AE210P/ae210p/andes_ip/n10_core/pcu/hdl/pcu.v \
/home/xian001/SY13_DATA/RTL/sy1301/AE210P/ae210p/andes_ip/n10_core/top/hdl/reset_gen.v \
/home/xian001/SY13_DATA/RTL/sy1301/AE210P/ae210p/andes_ip/n10_core/ucore/hdl/b16_bnrtr_dtt.v \
/home/xian001/SY13_DATA/RTL/sy1301/AE210P/ae210p/andes_ip/n10_core/ucore/hdl/ieu_adu.v \
/home/xian001/SY13_DATA/RTL/sy1301/AE210P/ae210p/andes_ip/n10_core/ucore/hdl/ieu_alu.v \
/home/xian001/SY13_DATA/RTL/sy1301/AE210P/ae210p/andes_ip/n10_core/ucore/hdl/ieu_ctl.v \
/home/xian001/SY13_DATA/RTL/sy1301/AE210P/ae210p/andes_ip/n10_core/ucore/hdl/ieu_mdu.v \
/home/xian001/SY13_DATA/RTL/sy1301/AE210P/ae210p/andes_ip/n10_core/ucore/hdl/ieu_mdu_mul.v \
/home/xian001/SY13_DATA/RTL/sy1301/AE210P/ae210p/andes_ip/n10_core/ucore/hdl/ieu_sau.v \
/home/xian001/SY13_DATA/RTL/sy1301/AE210P/ae210p/andes_ip/n10_core/ucore/hdl/ifu_ctl.v \
/home/xian001/SY13_DATA/RTL/sy1301/AE210P/ae210p/andes_ip/n10_core/ucore/hdl/iiu_ctl.v \
/home/xian001/SY13_DATA/RTL/sy1301/AE210P/ae210p/andes_ip/n10_core/ucore/hdl/iiu_iq.v \
/home/xian001/SY13_DATA/RTL/sy1301/AE210P/ae210p/andes_ip/n10_core/ucore/hdl/iiu_rf.v \
/home/xian001/SY13_DATA/RTL/sy1301/AE210P/ae210p/andes_ip/n10_core/ucore/hdl/iru_ctl.v \
/home/xian001/SY13_DATA/RTL/sy1301/AE210P/ae210p/andes_ip/n10_core/ucore/hdl/sru_cpu_ver.v \
/home/xian001/SY13_DATA/RTL/sy1301/AE210P/ae210p/andes_ip/n10_core/ucore/hdl/sru_ctl.v \
/home/xian001/SY13_DATA/RTL/sy1301/AE210P/ae210p/andes_ip/n10_core/macro/hdl/sync_l2l.v \
/home/xian001/SY13_DATA/RTL/sy1301/AE210P/ae210p/andes_ip/n10_core/memory/model/btb_ram.v \
/home/xian001/SY13_DATA/RTL/sy1301/AE210P/ae210p/andes_ip/n10_core/ucore/hdl/tr_node1.v \
/home/xian001/SY13_DATA/RTL/sy1301/AE210P/ae210p/andes_ip/n10_core/ucore/hdl/tr_node2.v \
/home/xian001/SY13_DATA/RTL/sy1301/AE210P/ae210p/andes_ip/n10_core/ucore/hdl/ucore.v \
/home/xian001/SY13_DATA/RTL/sy1301/AE210P/ae210p/andes_ip/n10_core/ucore/hdl/ucore_gck.v \
/home/xian001/SY13_DATA/RTL/sy1301/AE210P/ae210p/andes_ip/peripheral_ip/sdp_wrapper/hdl/sdp_wrapper.v \
/home/xian001/SY13_DATA/RTL/sy1301/AE210P/ae210p/andes_vip/models/cpif/hdl/cop_mux.v \
/home/xian001/SY13_DATA/RTL/sy1301/AE210P/ae210p/andes_ip/ncesfp/hdl/csa3_2.v \
/home/xian001/SY13_DATA/RTL/sy1301/AE210P/ae210p/andes_ip/ncesfp/hdl/fp_clk_gen.v \
/home/xian001/SY13_DATA/RTL/sy1301/AE210P/ae210p/andes_ip/ncesfp/hdl/fp_cpif.v \
/home/xian001/SY13_DATA/RTL/sy1301/AE210P/ae210p/andes_ip/ncesfp/hdl/fp_dsu.v \
/home/xian001/SY13_DATA/RTL/sy1301/AE210P/ae210p/andes_ip/ncesfp/hdl/fp_eu.v \
/home/xian001/SY13_DATA/RTL/sy1301/AE210P/ae210p/andes_ip/ncesfp/hdl/fp_eu_ctr.v \
/home/xian001/SY13_DATA/RTL/sy1301/AE210P/ae210p/andes_ip/ncesfp/hdl/fp_eu_dp.v \
/home/xian001/SY13_DATA/RTL/sy1301/AE210P/ae210p/andes_ip/ncesfp/hdl/fp_iiu.v \
/home/xian001/SY13_DATA/RTL/sy1301/AE210P/ae210p/andes_ip/ncesfp/hdl/fp_mul.v \
/home/xian001/SY13_DATA/RTL/sy1301/AE210P/ae210p/andes_ip/ncesfp/hdl/fp_rf.v \
/home/xian001/SY13_DATA/RTL/sy1301/AE210P/ae210p/andes_ip/ncesfp/hdl/ncesfp.v \
/home/xian001/SY13_DATA/RTL/sy1301/AE210P/ae210p/andes_ip/peripheral_ip/hamming/ham_ctrl.v \
/home/xian001/SY13_DATA/RTL/sy1301/AE210P/ae210p/andes_ip/peripheral_ip/hamming/ham_engine.v \
/home/xian001/SY13_DATA/RTL/sy1301/AE210P/ae210p/andes_ip/peripheral_ip/hamming/ham_hru.v \
/home/xian001/SY13_DATA/RTL/sy1301/AE210P/ae210p/andes_ip/peripheral_ip/hamming/ham_master.v \
/home/xian001/SY13_DATA/RTL/sy1301/AE210P/ae210p/andes_ip/peripheral_ip/hamming/ham_regs.v \
/home/xian001/SY13_DATA/RTL/sy1301/AE210P/ae210p/andes_ip/peripheral_ip/hamming/ham_slave.v \
/home/xian001/SY13_DATA/RTL/sy1301/AE210P/ae210p/andes_ip/peripheral_ip/hamming/ham_top.v \
/home/xian001/SY13_DATA/RTL/sy1301/AE210P/ae210p/andes_ip/peripheral_ip/hamming/sfifo_10x10.v \
/home/xian001/SY13_DATA/RTL/sy1301/AE210P/ae210p/andes_ip/peripheral_ip/hamming/sfifo_16x16.v \
/home/xian001/SY13_DATA/RTL/sy1301/AE210P/ae210p/andes_ip/peripheral_ip/hamming/sfifo_4x26.v \
/home/xian001/SY13_DATA/RTL/sy1301/AE210P/ae210p/andes_ip/peripheral_ip/BusMatrix_2s8m/verilog/rtl_source/BP010_a2bm_BusMatrix_2s8m_1.v \
/home/xian001/SY13_DATA/RTL/sy1301/AE210P/ae210p/andes_ip/peripheral_ip/BusMatrix_2s8m/verilog/rtl_source/BmDefaultSlave.v \
/home/xian001/SY13_DATA/RTL/sy1301/AE210P/ae210p/andes_ip/peripheral_ip/BusMatrix_2s8m/verilog/rtl_source/BusMatrix_2s8m.v \
/home/xian001/SY13_DATA/RTL/sy1301/AE210P/ae210p/andes_ip/peripheral_ip/BusMatrix_2s8m/verilog/rtl_source/BusMatrix_2s8m_bm_decodahb2bmdiv.v \
/home/xian001/SY13_DATA/RTL/sy1301/AE210P/ae210p/andes_ip/peripheral_ip/BusMatrix_2s8m/verilog/rtl_source/BusMatrix_2s8m_bm_decodcm02bmdiv.v \
/home/xian001/SY13_DATA/RTL/sy1301/AE210P/ae210p/andes_ip/peripheral_ip/BusMatrix_2s8m/verilog/rtl_source/BusMatrix_2s8m_ip_stage.v \
/home/xian001/SY13_DATA/RTL/sy1301/AE210P/ae210p/andes_ip/peripheral_ip/BusMatrix_2s8m/verilog/rtl_source/BusMatrix_2s8m_op_arbapb.v \
/home/xian001/SY13_DATA/RTL/sy1301/AE210P/ae210p/andes_ip/peripheral_ip/BusMatrix_2s8m/verilog/rtl_source/BusMatrix_2s8m_op_arbapc.v \
/home/xian001/SY13_DATA/RTL/sy1301/AE210P/ae210p/andes_ip/peripheral_ip/BusMatrix_2s8m/verilog/rtl_source/BusMatrix_2s8m_op_arbbmdiv.v \
/home/xian001/SY13_DATA/RTL/sy1301/AE210P/ae210p/andes_ip/peripheral_ip/BusMatrix_2s8m/verilog/rtl_source/BusMatrix_2s8m_op_arblocsc0.v \
/home/xian001/SY13_DATA/RTL/sy1301/AE210P/ae210p/andes_ip/peripheral_ip/BusMatrix_2s8m/verilog/rtl_source/BusMatrix_2s8m_op_arblocsc1.v \
/home/xian001/SY13_DATA/RTL/sy1301/AE210P/ae210p/andes_ip/peripheral_ip/BusMatrix_2s8m/verilog/rtl_source/BusMatrix_2s8m_op_arbsqi.v \
/home/xian001/SY13_DATA/RTL/sy1301/AE210P/ae210p/andes_ip/peripheral_ip/BusMatrix_2s8m/verilog/rtl_source/BusMatrix_2s8m_op_arbsram0div.v \
/home/xian001/SY13_DATA/RTL/sy1301/AE210P/ae210p/andes_ip/peripheral_ip/BusMatrix_2s8m/verilog/rtl_source/BusMatrix_2s8m_op_arbsram1div.v \
/home/xian001/SY13_DATA/RTL/sy1301/AE210P/ae210p/andes_ip/peripheral_ip/BusMatrix_2s8m/verilog/rtl_source/BusMatrix_2s8m_op_stageapb.v \
/home/xian001/SY13_DATA/RTL/sy1301/AE210P/ae210p/andes_ip/peripheral_ip/BusMatrix_2s8m/verilog/rtl_source/BusMatrix_2s8m_op_stageapc.v \
/home/xian001/SY13_DATA/RTL/sy1301/AE210P/ae210p/andes_ip/peripheral_ip/BusMatrix_2s8m/verilog/rtl_source/BusMatrix_2s8m_op_stagebmdiv.v \
/home/xian001/SY13_DATA/RTL/sy1301/AE210P/ae210p/andes_ip/peripheral_ip/BusMatrix_2s8m/verilog/rtl_source/BusMatrix_2s8m_op_stagelocsc0.v \
/home/xian001/SY13_DATA/RTL/sy1301/AE210P/ae210p/andes_ip/peripheral_ip/BusMatrix_2s8m/verilog/rtl_source/BusMatrix_2s8m_op_stagelocsc1.v \
/home/xian001/SY13_DATA/RTL/sy1301/AE210P/ae210p/andes_ip/peripheral_ip/BusMatrix_2s8m/verilog/rtl_source/BusMatrix_2s8m_op_stagesqi.v \
/home/xian001/SY13_DATA/RTL/sy1301/AE210P/ae210p/andes_ip/peripheral_ip/BusMatrix_2s8m/verilog/rtl_source/BusMatrix_2s8m_op_stagesram0div.v \
/home/xian001/SY13_DATA/RTL/sy1301/AE210P/ae210p/andes_ip/peripheral_ip/BusMatrix_2s8m/verilog/rtl_source/BusMatrix_2s8m_op_stagesram1div.v \
/home/xian001/SY13_DATA/RTL/sy1301/AE210P/ae210p/andes_ip/peripheral_ip/BusMatrix_6s7m/verilog/rtl_source/BP010_a2bm_BusMatrix_6s7m_1.v \
/home/xian001/SY13_DATA/RTL/sy1301/AE210P/ae210p/andes_ip/peripheral_ip/BusMatrix_6s7m/verilog/rtl_source/BusMatrix_6s7m.v \
/home/xian001/SY13_DATA/RTL/sy1301/AE210P/ae210p/andes_ip/peripheral_ip/BusMatrix_6s7m/verilog/rtl_source/BusMatrix_6s7m_bm_decodbm.v \
/home/xian001/SY13_DATA/RTL/sy1301/AE210P/ae210p/andes_ip/peripheral_ip/BusMatrix_6s7m/verilog/rtl_source/BusMatrix_6s7m_bm_decodcoa.v \
/home/xian001/SY13_DATA/RTL/sy1301/AE210P/ae210p/andes_ip/peripheral_ip/BusMatrix_6s7m/verilog/rtl_source/BusMatrix_6s7m_bm_decoddbus.v \
/home/xian001/SY13_DATA/RTL/sy1301/AE210P/ae210p/andes_ip/peripheral_ip/BusMatrix_6s7m/verilog/rtl_source/BusMatrix_6s7m_bm_decoddma.v \
/home/xian001/SY13_DATA/RTL/sy1301/AE210P/ae210p/andes_ip/peripheral_ip/BusMatrix_6s7m/verilog/rtl_source/BusMatrix_6s7m_bm_decodham.v \
/home/xian001/SY13_DATA/RTL/sy1301/AE210P/ae210p/andes_ip/peripheral_ip/BusMatrix_6s7m/verilog/rtl_source/BusMatrix_6s7m_bm_decodibus.v \
/home/xian001/SY13_DATA/RTL/sy1301/AE210P/ae210p/andes_ip/peripheral_ip/BusMatrix_6s7m/verilog/rtl_source/BusMatrix_6s7m_ip_stage.v \
/home/xian001/SY13_DATA/RTL/sy1301/AE210P/ae210p/andes_ip/peripheral_ip/BusMatrix_6s7m/verilog/rtl_source/BusMatrix_6s7m_op_arbahb2bm.v \
/home/xian001/SY13_DATA/RTL/sy1301/AE210P/ae210p/andes_ip/peripheral_ip/BusMatrix_6s7m/verilog/rtl_source/BusMatrix_6s7m_op_arbahb2cm0.v \
/home/xian001/SY13_DATA/RTL/sy1301/AE210P/ae210p/andes_ip/peripheral_ip/BusMatrix_6s7m/verilog/rtl_source/BusMatrix_6s7m_op_arbfpac.v \
/home/xian001/SY13_DATA/RTL/sy1301/AE210P/ae210p/andes_ip/peripheral_ip/BusMatrix_6s7m/verilog/rtl_source/BusMatrix_6s7m_op_arbsdrlcd.v \
/home/xian001/SY13_DATA/RTL/sy1301/AE210P/ae210p/andes_ip/peripheral_ip/BusMatrix_6s7m/verilog/rtl_source/BusMatrix_6s7m_op_arbsram0.v \
/home/xian001/SY13_DATA/RTL/sy1301/AE210P/ae210p/andes_ip/peripheral_ip/BusMatrix_6s7m/verilog/rtl_source/BusMatrix_6s7m_op_arbsram1.v \
/home/xian001/SY13_DATA/RTL/sy1301/AE210P/ae210p/andes_ip/peripheral_ip/BusMatrix_6s7m/verilog/rtl_source/BusMatrix_6s7m_op_arbsram2.v \
/home/xian001/SY13_DATA/RTL/sy1301/AE210P/ae210p/andes_ip/peripheral_ip/BusMatrix_6s7m/verilog/rtl_source/BusMatrix_6s7m_op_stageahb2bm.v \
/home/xian001/SY13_DATA/RTL/sy1301/AE210P/ae210p/andes_ip/peripheral_ip/BusMatrix_6s7m/verilog/rtl_source/BusMatrix_6s7m_op_stageahb2cm0.v \
/home/xian001/SY13_DATA/RTL/sy1301/AE210P/ae210p/andes_ip/peripheral_ip/BusMatrix_6s7m/verilog/rtl_source/BusMatrix_6s7m_op_stagefpac.v \
/home/xian001/SY13_DATA/RTL/sy1301/AE210P/ae210p/andes_ip/peripheral_ip/BusMatrix_6s7m/verilog/rtl_source/BusMatrix_6s7m_op_stagesdrlcd.v \
/home/xian001/SY13_DATA/RTL/sy1301/AE210P/ae210p/andes_ip/peripheral_ip/BusMatrix_6s7m/verilog/rtl_source/BusMatrix_6s7m_op_stagesram0.v \
/home/xian001/SY13_DATA/RTL/sy1301/AE210P/ae210p/andes_ip/peripheral_ip/BusMatrix_6s7m/verilog/rtl_source/BusMatrix_6s7m_op_stagesram1.v \
/home/xian001/SY13_DATA/RTL/sy1301/AE210P/ae210p/andes_ip/peripheral_ip/BusMatrix_6s7m/verilog/rtl_source/BusMatrix_6s7m_op_stagesram2.v \
/home/xian001/SY13_DATA/RTL/sy1301/AE210P/ae210p/andes_ip/peripheral_ip/BusMatrix_1s3m/verilog/rtl_source/BP010_a2bm_BusMatrix_1s3m_1.v \
/home/xian001/SY13_DATA/RTL/sy1301/AE210P/ae210p/andes_ip/peripheral_ip/BusMatrix_1s3m/verilog/rtl_source/BusMatrix_1s3m.v \
/home/xian001/SY13_DATA/RTL/sy1301/AE210P/ae210p/andes_ip/peripheral_ip/BusMatrix_1s3m/verilog/rtl_source/BusMatrix_1s3m_bm_decodfpac.v \
/home/xian001/SY13_DATA/RTL/sy1301/AE210P/ae210p/andes_ip/peripheral_ip/BusMatrix_1s3m/verilog/rtl_source/BusMatrix_1s3m_ip_stage.v \
/home/xian001/SY13_DATA/RTL/sy1301/AE210P/ae210p/andes_ip/peripheral_ip/BusMatrix_1s3m/verilog/rtl_source/BusMatrix_1s3m_op_arb.v \
/home/xian001/SY13_DATA/RTL/sy1301/AE210P/ae210p/andes_ip/peripheral_ip/BusMatrix_1s3m/verilog/rtl_source/BusMatrix_1s3m_op_stage.v \
/home/xian001/SY13_DATA/RTL/sy1301/AE210P/ae210p/andes_ip/peripheral_ip/BusMatrix_4s6m/verilog/rtl_source/BP010_a2bm_BusMatrix_4s6m_1.v \
/home/xian001/SY13_DATA/RTL/sy1301/AE210P/ae210p/andes_ip/peripheral_ip/BusMatrix_4s6m/verilog/rtl_source/BusMatrix_4s6m.v \
/home/xian001/SY13_DATA/RTL/sy1301/AE210P/ae210p/andes_ip/peripheral_ip/BusMatrix_4s6m/verilog/rtl_source/BusMatrix_4s6m_bm_decodlcdcm.v \
/home/xian001/SY13_DATA/RTL/sy1301/AE210P/ae210p/andes_ip/peripheral_ip/BusMatrix_4s6m/verilog/rtl_source/BusMatrix_4s6m_bm_decodlocsc0m.v \
/home/xian001/SY13_DATA/RTL/sy1301/AE210P/ae210p/andes_ip/peripheral_ip/BusMatrix_4s6m/verilog/rtl_source/BusMatrix_4s6m_bm_decodlocsc1m.v \
/home/xian001/SY13_DATA/RTL/sy1301/AE210P/ae210p/andes_ip/peripheral_ip/BusMatrix_4s6m/verilog/rtl_source/BusMatrix_4s6m_bm_decodsdrlcd.v \
/home/xian001/SY13_DATA/RTL/sy1301/AE210P/ae210p/andes_ip/peripheral_ip/BusMatrix_4s6m/verilog/rtl_source/BusMatrix_4s6m_ip_stage.v \
/home/xian001/SY13_DATA/RTL/sy1301/AE210P/ae210p/andes_ip/peripheral_ip/BusMatrix_4s6m/verilog/rtl_source/BusMatrix_4s6m_op_arblcdcs.v \
/home/xian001/SY13_DATA/RTL/sy1301/AE210P/ae210p/andes_ip/peripheral_ip/BusMatrix_4s6m/verilog/rtl_source/BusMatrix_4s6m_op_arblocsc0s.v \
/home/xian001/SY13_DATA/RTL/sy1301/AE210P/ae210p/andes_ip/peripheral_ip/BusMatrix_4s6m/verilog/rtl_source/BusMatrix_4s6m_op_arblocsc1s.v \
/home/xian001/SY13_DATA/RTL/sy1301/AE210P/ae210p/andes_ip/peripheral_ip/BusMatrix_4s6m/verilog/rtl_source/BusMatrix_4s6m_op_arbpsramdata.v \
/home/xian001/SY13_DATA/RTL/sy1301/AE210P/ae210p/andes_ip/peripheral_ip/BusMatrix_4s6m/verilog/rtl_source/BusMatrix_4s6m_op_arbpsramreg.v \
/home/xian001/SY13_DATA/RTL/sy1301/AE210P/ae210p/andes_ip/peripheral_ip/BusMatrix_4s6m/verilog/rtl_source/BusMatrix_4s6m_op_arbsdram.v \
/home/xian001/SY13_DATA/RTL/sy1301/AE210P/ae210p/andes_ip/peripheral_ip/BusMatrix_4s6m/verilog/rtl_source/BusMatrix_4s6m_op_stagelcdcs.v \
/home/xian001/SY13_DATA/RTL/sy1301/AE210P/ae210p/andes_ip/peripheral_ip/BusMatrix_4s6m/verilog/rtl_source/BusMatrix_4s6m_op_stagelocsc0s.v \
/home/xian001/SY13_DATA/RTL/sy1301/AE210P/ae210p/andes_ip/peripheral_ip/BusMatrix_4s6m/verilog/rtl_source/BusMatrix_4s6m_op_stagelocsc1s.v \
/home/xian001/SY13_DATA/RTL/sy1301/AE210P/ae210p/andes_ip/peripheral_ip/BusMatrix_4s6m/verilog/rtl_source/BusMatrix_4s6m_op_stagepsramdata.v \
/home/xian001/SY13_DATA/RTL/sy1301/AE210P/ae210p/andes_ip/peripheral_ip/BusMatrix_4s6m/verilog/rtl_source/BusMatrix_4s6m_op_stagepsramreg.v \
/home/xian001/SY13_DATA/RTL/sy1301/AE210P/ae210p/andes_ip/peripheral_ip/BusMatrix_4s6m/verilog/rtl_source/BusMatrix_4s6m_op_stagesdram.v \
/home/xian001/SY13_DATA/RTL/sy1301/AE210P/ae210p/andes_ip/peripheral_ip/sdram/Sdram.v \
/home/xian001/SY13_DATA/RTL/sy1301/AE210P/ae210p/andes_ip/peripheral_ip/sdram/SdramAhbRdBuf0.v \
/home/xian001/SY13_DATA/RTL/sy1301/AE210P/ae210p/andes_ip/peripheral_ip/sdram/SdramAhbRegBlk.v \
/home/xian001/SY13_DATA/RTL/sy1301/AE210P/ae210p/andes_ip/peripheral_ip/sdram/SdramAhbWrBuf0.v \
/home/xian001/SY13_DATA/RTL/sy1301/AE210P/ae210p/andes_ip/peripheral_ip/sdram/SdramAhbWrBuf1.v \
/home/xian001/SY13_DATA/RTL/sy1301/AE210P/ae210p/andes_ip/peripheral_ip/sdram/SdramAhbif.v \
/home/xian001/SY13_DATA/RTL/sy1301/AE210P/ae210p/andes_ip/peripheral_ip/sdram/SdramArbFSM.v \
/home/xian001/SY13_DATA/RTL/sy1301/AE210P/ae210p/andes_ip/peripheral_ip/sdram/SdramArbiter.v \
/home/xian001/SY13_DATA/RTL/sy1301/AE210P/ae210p/andes_ip/peripheral_ip/sdram/SdramBigEndian.v \
/home/xian001/SY13_DATA/RTL/sy1301/AE210P/ae210p/andes_ip/peripheral_ip/sdram/SdramCmdSeq.v \
/home/xian001/SY13_DATA/RTL/sy1301/AE210P/ae210p/andes_ip/peripheral_ip/sdram/SdramDefs.v \
/home/xian001/SY13_DATA/RTL/sy1301/AE210P/ae210p/andes_ip/peripheral_ip/sdram/SdramDefs66.v \
/home/xian001/SY13_DATA/RTL/sy1301/AE210P/ae210p/andes_ip/peripheral_ip/sdram/SdramDramCntl.v \
/home/xian001/SY13_DATA/RTL/sy1301/AE210P/ae210p/andes_ip/peripheral_ip/sdram/SdramDramFSM.v \
/home/xian001/SY13_DATA/RTL/sy1301/AE210P/ae210p/andes_ip/peripheral_ip/sdram/SdramEngine.v \
/home/xian001/SY13_DATA/RTL/sy1301/AE210P/ae210p/andes_ip/peripheral_ip/sdram/SdramPins.v \
/home/xian001/SY13_DATA/RTL/sy1301/AE210P/ae210p/andes_ip/peripheral_ip/sdram/SdramTimCntl.v \
/home/xian001/SY13_DATA/RTL/sy1301/AE210P/ae210p/andes_ip/peripheral_ip/apc/apc_top.v \
/home/xian001/SY13_DATA/RTL/sy1301/AE210P/ae210p/andes_ip/peripheral_ip/apc/arb_fifo.v \
/home/xian001/SY13_DATA/RTL/sy1301/AE210P/ae210p/andes_ip/peripheral_ip/apc/bvci_mem_ctrl.v \
/home/xian001/SY13_DATA/RTL/sy1301/AE210P/ae210p/andes_ip/peripheral_ip/apc/bvci_mem_wrap.v \
/home/xian001/SY13_DATA/RTL/sy1301/AE210P/ae210p/andes_ip/peripheral_ip/apc/bvci_post_write.v \
/home/xian001/SY13_DATA/RTL/sy1301/AE210P/ae210p/andes_ip/peripheral_ip/apc/vbi2as.v \
/home/xian001/SY13_DATA/RTL/sy1301/AE210P/ae210p/andes_ip/peripheral_ip/scm/n10_clk_gate.v \
/home/xian001/SY13_DATA/RTL/sy1301/AE210P/ae210p/andes_ip/peripheral_ip/scm/n10_rst_gate.v \
/home/xian001/SY13_DATA/RTL/sy1301/AE210P/ae210p/andes_ip/peripheral_ip/scm/n10_scm.v \
/home/xian001/SY13_DATA/RTL/sy1301/CortexM0/integration_kit/logical/peripheral/spi_dw/spi_DW_apb_ssi_cc_constants.v \
/home/xian001/SY13_DATA/RTL/sy1301/CortexM0/integration_kit/logical/peripheral/spi_dw/spi_DW_apb_ssi.v \
/home/xian001/SY13_DATA/RTL/sy1301/CortexM0/integration_kit/logical/peripheral/spi_dw/spi_DW_apb_ssi_bcm06.v \
/home/xian001/SY13_DATA/RTL/sy1301/CortexM0/integration_kit/logical/peripheral/spi_dw/spi_DW_apb_ssi_bcm21.v \
/home/xian001/SY13_DATA/RTL/sy1301/CortexM0/integration_kit/logical/peripheral/spi_dw/spi_DW_apb_ssi_bcm57.v \
/home/xian001/SY13_DATA/RTL/sy1301/CortexM0/integration_kit/logical/peripheral/spi_dw/spi_DW_apb_ssi_bcm_params.v \
/home/xian001/SY13_DATA/RTL/sy1301/CortexM0/integration_kit/logical/peripheral/spi_dw/spi_DW_apb_ssi_biu.v \
/home/xian001/SY13_DATA/RTL/sy1301/CortexM0/integration_kit/logical/peripheral/spi_dw/spi_DW_apb_ssi_dma.v \
/home/xian001/SY13_DATA/RTL/sy1301/CortexM0/integration_kit/logical/peripheral/spi_dw/spi_DW_apb_ssi_fifo.v \
/home/xian001/SY13_DATA/RTL/sy1301/CortexM0/integration_kit/logical/peripheral/spi_dw/spi_DW_apb_ssi_intctl.v \
/home/xian001/SY13_DATA/RTL/sy1301/CortexM0/integration_kit/logical/peripheral/spi_dw/spi_DW_apb_ssi_mstfsm.v \
/home/xian001/SY13_DATA/RTL/sy1301/CortexM0/integration_kit/logical/peripheral/spi_dw/spi_DW_apb_ssi_regfile.v \
/home/xian001/SY13_DATA/RTL/sy1301/CortexM0/integration_kit/logical/peripheral/spi_dw/spi_DW_apb_ssi_rxsr.v \
/home/xian001/SY13_DATA/RTL/sy1301/CortexM0/integration_kit/logical/peripheral/spi_dw/spi_DW_apb_ssi_sclkgen.v \
/home/xian001/SY13_DATA/RTL/sy1301/CortexM0/integration_kit/logical/peripheral/spi_dw/spi_DW_apb_ssi_shift.v \
/home/xian001/SY13_DATA/RTL/sy1301/CortexM0/integration_kit/logical/peripheral/spi_dw/spi_DW_apb_ssi_slvfsm.v \
/home/xian001/SY13_DATA/RTL/sy1301/CortexM0/integration_kit/logical/peripheral/spi_dw/spi_DW_apb_ssi_txsr.v \
/home/xian001/SY13_DATA/RTL/sy1301/CortexM0/integration_kit/logical/peripheral/spi_dw/spi_DW_apb_ssi-undef.v \
/home/xian001/SY13_DATA/RTL/sy1301/AE210P/ae210p/andes_ip/peripheral_ip/coa/ahb_slave.v \
/home/xian001/SY13_DATA/RTL/sy1301/AE210P/ae210p/andes_ip/peripheral_ip/coa/coa_alu.v \
/home/xian001/SY13_DATA/RTL/sy1301/AE210P/ae210p/andes_ip/peripheral_ip/coa/coa_ctrl_1d.v \
/home/xian001/SY13_DATA/RTL/sy1301/AE210P/ae210p/andes_ip/peripheral_ip/coa/coa_ctrl_2d.v \
/home/xian001/SY13_DATA/RTL/sy1301/AE210P/ae210p/andes_ip/peripheral_ip/coa/coa_mult.v \
/home/xian001/SY13_DATA/RTL/sy1301/AE210P/ae210p/andes_ip/peripheral_ip/coa/coa_reg.v \
/home/xian001/SY13_DATA/RTL/sy1301/AE210P/ae210p/andes_ip/peripheral_ip/coa/coa_top.v \
/home/xian001/SY13_DATA/RTL/sy1301/AE210P/ae210p/andes_ip/peripheral_ip/coa/coa_trim_1d.v \
/home/xian001/SY13_DATA/RTL/sy1301/AE210P/ae210p/andes_ip/peripheral_ip/coa/coa_trim_2d.v \
/home/xian001/SY13_DATA/RTL/sy1301/AE210P/ae210p/andes_ip/peripheral_ip/i_dmac/src/DW_ahb_dmac_constants.v \
/home/xian001/SY13_DATA/RTL/sy1301/AE210P/ae210p/andes_ip/peripheral_ip/i_dmac/src/DW_ahb_dmac_cc_constants.v \
/home/xian001/SY13_DATA/RTL/sy1301/AE210P/ae210p/andes_ip/peripheral_ip/i_dmac/src/DW_ahb_dmac_bcm_params.v \
/home/xian001/SY13_DATA/RTL/sy1301/AE210P/ae210p/andes_ip/peripheral_ip/i_dmac/src/DW_ahb_dmac_arb_mask.v \
/home/xian001/SY13_DATA/RTL/sy1301/AE210P/ae210p/andes_ip/peripheral_ip/i_dmac/src/DW_ahb_dmac.v \
/home/xian001/SY13_DATA/RTL/sy1301/AE210P/ae210p/andes_ip/peripheral_ip/i_dmac/src/DW_ahb_dmac_arb_req_mi.v \
/home/xian001/SY13_DATA/RTL/sy1301/AE210P/ae210p/andes_ip/peripheral_ip/i_dmac/src/DW_ahb_dmac_arb_top.v \
/home/xian001/SY13_DATA/RTL/sy1301/AE210P/ae210p/andes_ip/peripheral_ip/i_dmac/src/DW_ahb_dmac_arbiter_dp.v \
/home/xian001/SY13_DATA/RTL/sy1301/AE210P/ae210p/andes_ip/peripheral_ip/i_dmac/src/DW_ahb_dmac_bcm01.v \
/home/xian001/SY13_DATA/RTL/sy1301/AE210P/ae210p/andes_ip/peripheral_ip/i_dmac/src/DW_ahb_dmac_bcm06.v \
/home/xian001/SY13_DATA/RTL/sy1301/AE210P/ae210p/andes_ip/peripheral_ip/i_dmac/src/DW_ahb_dmac_bcm52.v \
/home/xian001/SY13_DATA/RTL/sy1301/AE210P/ae210p/andes_ip/peripheral_ip/i_dmac/src/DW_ahb_dmac_bcm54.v \
/home/xian001/SY13_DATA/RTL/sy1301/AE210P/ae210p/andes_ip/peripheral_ip/i_dmac/src/DW_ahb_dmac_bcm57.v \
/home/xian001/SY13_DATA/RTL/sy1301/AE210P/ae210p/andes_ip/peripheral_ip/i_dmac/src/DW_ahb_dmac_begen.v \
/home/xian001/SY13_DATA/RTL/sy1301/AE210P/ae210p/andes_ip/peripheral_ip/i_dmac/src/DW_ahb_dmac_busmux.v \
/home/xian001/SY13_DATA/RTL/sy1301/AE210P/ae210p/andes_ip/peripheral_ip/i_dmac/src/DW_ahb_dmac_central_tfr_ctl.v \
/home/xian001/SY13_DATA/RTL/sy1301/AE210P/ae210p/andes_ip/peripheral_ip/i_dmac/src/DW_ahb_dmac_ch_dmux.v \
/home/xian001/SY13_DATA/RTL/sy1301/AE210P/ae210p/andes_ip/peripheral_ip/i_dmac/src/DW_ahb_dmac_ch_dst_sm.v \
/home/xian001/SY13_DATA/RTL/sy1301/AE210P/ae210p/andes_ip/peripheral_ip/i_dmac/src/DW_ahb_dmac_ch_src_sm.v \
/home/xian001/SY13_DATA/RTL/sy1301/AE210P/ae210p/andes_ip/peripheral_ip/i_dmac/src/DW_ahb_dmac_ch_tfr_ctrl.v \
/home/xian001/SY13_DATA/RTL/sy1301/AE210P/ae210p/andes_ip/peripheral_ip/i_dmac/src/DW_ahb_dmac_ch_to_mi_mux.v \
/home/xian001/SY13_DATA/RTL/sy1301/AE210P/ae210p/andes_ip/peripheral_ip/i_dmac/src/DW_ahb_dmac_ch_top.v \
/home/xian001/SY13_DATA/RTL/sy1301/AE210P/ae210p/andes_ip/peripheral_ip/i_dmac/src/DW_ahb_dmac_channelregs.v \
/home/xian001/SY13_DATA/RTL/sy1301/AE210P/ae210p/andes_ip/peripheral_ip/i_dmac/src/DW_ahb_dmac_commonregs.v \
/home/xian001/SY13_DATA/RTL/sy1301/AE210P/ae210p/andes_ip/peripheral_ip/i_dmac/src/DW_ahb_dmac_fifo.v \
/home/xian001/SY13_DATA/RTL/sy1301/AE210P/ae210p/andes_ip/peripheral_ip/i_dmac/src/DW_ahb_dmac_fifo_ctrl.v \
/home/xian001/SY13_DATA/RTL/sy1301/AE210P/ae210p/andes_ip/peripheral_ip/i_dmac/src/DW_ahb_dmac_fifo_top.v \
/home/xian001/SY13_DATA/RTL/sy1301/AE210P/ae210p/andes_ip/peripheral_ip/i_dmac/src/DW_ahb_dmac_hs.v \
/home/xian001/SY13_DATA/RTL/sy1301/AE210P/ae210p/andes_ip/peripheral_ip/i_dmac/src/DW_ahb_dmac_intrif.v \
/home/xian001/SY13_DATA/RTL/sy1301/AE210P/ae210p/andes_ip/peripheral_ip/i_dmac/src/DW_ahb_dmac_lock_clr.v \
/home/xian001/SY13_DATA/RTL/sy1301/AE210P/ae210p/andes_ip/peripheral_ip/i_dmac/src/DW_ahb_dmac_master_top.v \
/home/xian001/SY13_DATA/RTL/sy1301/AE210P/ae210p/andes_ip/peripheral_ip/i_dmac/src/DW_ahb_dmac_mbiu.v \
/home/xian001/SY13_DATA/RTL/sy1301/AE210P/ae210p/andes_ip/peripheral_ip/i_dmac/src/DW_ahb_dmac_mi_to_ch_mux.v \
/home/xian001/SY13_DATA/RTL/sy1301/AE210P/ae210p/andes_ip/peripheral_ip/i_dmac/src/DW_ahb_dmac_mst_endian.v \
/home/xian001/SY13_DATA/RTL/sy1301/AE210P/ae210p/andes_ip/peripheral_ip/i_dmac/src/DW_ahb_dmac_regblockif.v \
/home/xian001/SY13_DATA/RTL/sy1301/AE210P/ae210p/andes_ip/peripheral_ip/i_dmac/src/DW_ahb_dmac_sbiu.v \
/home/xian001/SY13_DATA/RTL/sy1301/AE210P/ae210p/andes_ip/peripheral_ip/i_dmac/src/DW_ahb_dmac-undef.v \
/home/xian001/SY13_DATA/RTL/sy1301/AE210P/ae210p/andes_ip/peripheral_ip/lcd/Clcd.v \
/home/xian001/SY13_DATA/RTL/sy1301/AE210P/ae210p/andes_ip/peripheral_ip/lcd/ClcdAhbIf.v \
/home/xian001/SY13_DATA/RTL/sy1301/AE210P/ae210p/andes_ip/peripheral_ip/lcd/ClcdAhbMasterIf.v \
/home/xian001/SY13_DATA/RTL/sy1301/AE210P/ae210p/andes_ip/peripheral_ip/lcd/ClcdAhbSlaveIf.v \
/home/xian001/SY13_DATA/RTL/sy1301/AE210P/ae210p/andes_ip/peripheral_ip/lcd/ClcdCPGen.v \
/home/xian001/SY13_DATA/RTL/sy1301/AE210P/ae210p/andes_ip/peripheral_ip/lcd/ClcdCntl.v \
/home/xian001/SY13_DATA/RTL/sy1301/AE210P/ae210p/andes_ip/peripheral_ip/lcd/ClcdConfig.v \
/home/xian001/SY13_DATA/RTL/sy1301/AE210P/ae210p/andes_ip/peripheral_ip/lcd/ClcdDMAFifo.v \
/home/xian001/SY13_DATA/RTL/sy1301/AE210P/ae210p/andes_ip/peripheral_ip/lcd/ClcdDefine.v \
/home/xian001/SY13_DATA/RTL/sy1301/AE210P/ae210p/andes_ip/peripheral_ip/lcd/ClcdDmaFRegWrap.v \
/home/xian001/SY13_DATA/RTL/sy1301/AE210P/ae210p/andes_ip/peripheral_ip/lcd/ClcdFifoCntl.v \
/home/xian001/SY13_DATA/RTL/sy1301/AE210P/ae210p/andes_ip/peripheral_ip/lcd/ClcdFifoReg.v \
/home/xian001/SY13_DATA/RTL/sy1301/AE210P/ae210p/andes_ip/peripheral_ip/lcd/ClcdFormat.v \
/home/xian001/SY13_DATA/RTL/sy1301/AE210P/ae210p/andes_ip/peripheral_ip/lcd/ClcdGS.v \
/home/xian001/SY13_DATA/RTL/sy1301/AE210P/ae210p/andes_ip/peripheral_ip/lcd/ClcdMain.v \
/home/xian001/SY13_DATA/RTL/sy1301/AE210P/ae210p/andes_ip/peripheral_ip/lcd/ClcdOutMux.v \
/home/xian001/SY13_DATA/RTL/sy1301/AE210P/ae210p/andes_ip/peripheral_ip/lcd/ClcdPalette.v \
/home/xian001/SY13_DATA/RTL/sy1301/AE210P/ae210p/andes_ip/peripheral_ip/lcd/ClcdRevAnd.v \
/home/xian001/SY13_DATA/RTL/sy1301/AE210P/ae210p/andes_ip/peripheral_ip/lcd/ClcdSerialiser.v \
/home/xian001/SY13_DATA/RTL/sy1301/AE210P/ae210p/andes_ip/peripheral_ip/lcd/ClcdSyncCLCDCLK.v \
/home/xian001/SY13_DATA/RTL/sy1301/AE210P/ae210p/andes_ip/peripheral_ip/lcd/ClcdSyncHCLK.v \
/home/xian001/SY13_DATA/RTL/sy1301/AE210P/ae210p/andes_ip/peripheral_ip/lcd/ClcdTest.v \
/home/xian001/SY13_DATA/RTL/sy1301/AE210P/ae210p/andes_ip/peripheral_ip/lcd/ClcdTiming.v \
/home/xian001/SY13_DATA/RTL/sy1301/AE210P/ae210p/andes_ip/peripheral_ip/lcd/ClcdUnpack.v \
/home/xian001/SY13_DATA/RTL/sy1301/AE210P/ae210p/andes_ip/peripheral_ip/lcd/pram128x32.v \
/home/xian001/SY13_DATA/RTL/sy1301/AE210P/ae210p/andes_ip/peripheral_ip/i_eh2h_s2m1/s2m1_DW_ahb_eh2h_cc_constants.v \
/home/xian001/SY13_DATA/RTL/sy1301/AE210P/ae210p/andes_ip/peripheral_ip/i_eh2h_s2m1/s2m1_DW_ahb_eh2h_bcm_params.v \
/home/xian001/SY13_DATA/RTL/sy1301/AE210P/ae210p/andes_ip/peripheral_ip/i_eh2h_s2m1/s2m1_DW_ahb_eh2h_constants.v \
/home/xian001/SY13_DATA/RTL/sy1301/AE210P/ae210p/andes_ip/peripheral_ip/i_eh2h_s2m1/s2m1_DW_ahb_eh2h_macros.v \
/home/xian001/SY13_DATA/RTL/sy1301/AE210P/ae210p/andes_ip/peripheral_ip/i_eh2h_s2m1/s2m1_DW_ahb_eh2h.v \
/home/xian001/SY13_DATA/RTL/sy1301/AE210P/ae210p/andes_ip/peripheral_ip/i_eh2h_s2m1/s2m1_DW_ahb_eh2h_1kdist.v \
/home/xian001/SY13_DATA/RTL/sy1301/AE210P/ae210p/andes_ip/peripheral_ip/i_eh2h_s2m1/s2m1_DW_ahb_eh2h_aagen.v \
/home/xian001/SY13_DATA/RTL/sy1301/AE210P/ae210p/andes_ip/peripheral_ip/i_eh2h_s2m1/s2m1_DW_ahb_eh2h_bcm02.v \
/home/xian001/SY13_DATA/RTL/sy1301/AE210P/ae210p/andes_ip/peripheral_ip/i_eh2h_s2m1/s2m1_DW_ahb_eh2h_bcm05.v \
/home/xian001/SY13_DATA/RTL/sy1301/AE210P/ae210p/andes_ip/peripheral_ip/i_eh2h_s2m1/s2m1_DW_ahb_eh2h_bcm07.v \
/home/xian001/SY13_DATA/RTL/sy1301/AE210P/ae210p/andes_ip/peripheral_ip/i_eh2h_s2m1/s2m1_DW_ahb_eh2h_bcm21.v \
/home/xian001/SY13_DATA/RTL/sy1301/AE210P/ae210p/andes_ip/peripheral_ip/i_eh2h_s2m1/s2m1_DW_ahb_eh2h_bcm59.v \
/home/xian001/SY13_DATA/RTL/sy1301/AE210P/ae210p/andes_ip/peripheral_ip/i_eh2h_s2m1/s2m1_DW_ahb_eh2h_begen.v \
/home/xian001/SY13_DATA/RTL/sy1301/AE210P/ae210p/andes_ip/peripheral_ip/i_eh2h_s2m1/s2m1_DW_ahb_eh2h_bxf.v \
/home/xian001/SY13_DATA/RTL/sy1301/AE210P/ae210p/andes_ip/peripheral_ip/i_eh2h_s2m1/s2m1_DW_ahb_eh2h_bxfd.v \
/home/xian001/SY13_DATA/RTL/sy1301/AE210P/ae210p/andes_ip/peripheral_ip/i_eh2h_s2m1/s2m1_DW_ahb_eh2h_dmux.v \
/home/xian001/SY13_DATA/RTL/sy1301/AE210P/ae210p/andes_ip/peripheral_ip/i_eh2h_s2m1/s2m1_DW_ahb_eh2h_dreg.v \
/home/xian001/SY13_DATA/RTL/sy1301/AE210P/ae210p/andes_ip/peripheral_ip/i_eh2h_s2m1/s2m1_DW_ahb_eh2h_drege.v \
/home/xian001/SY13_DATA/RTL/sy1301/AE210P/ae210p/andes_ip/peripheral_ip/i_eh2h_s2m1/s2m1_DW_ahb_eh2h_fifo_popp.v \
/home/xian001/SY13_DATA/RTL/sy1301/AE210P/ae210p/andes_ip/peripheral_ip/i_eh2h_s2m1/s2m1_DW_ahb_eh2h_fifo_pushp.v \
/home/xian001/SY13_DATA/RTL/sy1301/AE210P/ae210p/andes_ip/peripheral_ip/i_eh2h_s2m1/s2m1_DW_ahb_eh2h_fifo_s2_sf_wc.v \
/home/xian001/SY13_DATA/RTL/sy1301/AE210P/ae210p/andes_ip/peripheral_ip/i_eh2h_s2m1/s2m1_DW_ahb_eh2h_mbiu.v \
/home/xian001/SY13_DATA/RTL/sy1301/AE210P/ae210p/andes_ip/peripheral_ip/i_eh2h_s2m1/s2m1_DW_ahb_eh2h_mbiu_brfsm.v \
/home/xian001/SY13_DATA/RTL/sy1301/AE210P/ae210p/andes_ip/peripheral_ip/i_eh2h_s2m1/s2m1_DW_ahb_eh2h_mbiu_trfsm.v \
/home/xian001/SY13_DATA/RTL/sy1301/AE210P/ae210p/andes_ip/peripheral_ip/i_eh2h_s2m1/s2m1_DW_ahb_eh2h_nagen.v \
/home/xian001/SY13_DATA/RTL/sy1301/AE210P/ae210p/andes_ip/peripheral_ip/i_eh2h_s2m1/s2m1_DW_ahb_eh2h_sbiu.v \
/home/xian001/SY13_DATA/RTL/sy1301/AE210P/ae210p/andes_ip/peripheral_ip/i_eh2h_s2m1/s2m1_DW_ahb_eh2h_sbiu_bbc.v \
/home/xian001/SY13_DATA/RTL/sy1301/AE210P/ae210p/andes_ip/peripheral_ip/i_eh2h_s2m1/s2m1_DW_ahb_eh2h_sbiu_rbfsm.v \
/home/xian001/SY13_DATA/RTL/sy1301/AE210P/ae210p/andes_ip/peripheral_ip/i_eh2h_s2m1/s2m1_DW_ahb_eh2h_sbiu_refsm.v \
/home/xian001/SY13_DATA/RTL/sy1301/AE210P/ae210p/andes_ip/peripheral_ip/i_eh2h_s2m1/s2m1_DW_ahb_eh2h_sbiu_rpfsm.v \
/home/xian001/SY13_DATA/RTL/sy1301/AE210P/ae210p/andes_ip/peripheral_ip/i_eh2h_s2m1/s2m1_DW_ahb_eh2h_sbiu_scg.v \
/home/xian001/SY13_DATA/RTL/sy1301/AE210P/ae210p/andes_ip/peripheral_ip/i_eh2h_s2m1/s2m1_DW_ahb_eh2h_sbiu_scs.v \
/home/xian001/SY13_DATA/RTL/sy1301/AE210P/ae210p/andes_ip/peripheral_ip/i_eh2h_s2m1/s2m1_DW_ahb_eh2h_sbiu_tout.v \
/home/xian001/SY13_DATA/RTL/sy1301/AE210P/ae210p/andes_ip/peripheral_ip/i_eh2h_s2m1/s2m1_DW_ahb_eh2h_sbiu_upfsm.v \
/home/xian001/SY13_DATA/RTL/sy1301/AE210P/ae210p/andes_ip/peripheral_ip/i_eh2h_s2m1/s2m1_DW_ahb_eh2h_sbiu_wpfsm.v \
/home/xian001/SY13_DATA/RTL/sy1301/AE210P/ae210p/andes_ip/peripheral_ip/i_eh2h_s2m1/s2m1_DW_ahb_eh2h_swio.v \
/home/xian001/SY13_DATA/RTL/sy1301/AE210P/ae210p/andes_ip/peripheral_ip/i_eh2h_s2m1/s2m1_DW_ahb_eh2h_fifo.v \
/home/xian001/SY13_DATA/RTL/sy1301/AE210P/ae210p/andes_ip/peripheral_ip/i_eh2h_s2m1/s2m1_DW_ahb_eh2h-undef.v \
/home/xian001/SY13_DATA/RTL/sy1301/AE210P/ae210p/andes_ip/peripheral_ip/i_eh2h_s3m1/s3m1_DW_ahb_eh2h_cc_constants.v \
/home/xian001/SY13_DATA/RTL/sy1301/AE210P/ae210p/andes_ip/peripheral_ip/i_eh2h_s3m1/s3m1_DW_ahb_eh2h_constants.v \
/home/xian001/SY13_DATA/RTL/sy1301/AE210P/ae210p/andes_ip/peripheral_ip/i_eh2h_s3m1/s3m1_DW_ahb_eh2h_bcm_params.v \
/home/xian001/SY13_DATA/RTL/sy1301/AE210P/ae210p/andes_ip/peripheral_ip/i_eh2h_s3m1/s3m1_DW_ahb_eh2h_macros.v \
/home/xian001/SY13_DATA/RTL/sy1301/AE210P/ae210p/andes_ip/peripheral_ip/i_eh2h_s3m1/s3m1_DW_ahb_eh2h.v \
/home/xian001/SY13_DATA/RTL/sy1301/AE210P/ae210p/andes_ip/peripheral_ip/i_eh2h_s3m1/s3m1_DW_ahb_eh2h_1kdist.v \
/home/xian001/SY13_DATA/RTL/sy1301/AE210P/ae210p/andes_ip/peripheral_ip/i_eh2h_s3m1/s3m1_DW_ahb_eh2h_aagen.v \
/home/xian001/SY13_DATA/RTL/sy1301/AE210P/ae210p/andes_ip/peripheral_ip/i_eh2h_s3m1/s3m1_DW_ahb_eh2h_bcm02.v \
/home/xian001/SY13_DATA/RTL/sy1301/AE210P/ae210p/andes_ip/peripheral_ip/i_eh2h_s3m1/s3m1_DW_ahb_eh2h_bcm05.v \
/home/xian001/SY13_DATA/RTL/sy1301/AE210P/ae210p/andes_ip/peripheral_ip/i_eh2h_s3m1/s3m1_DW_ahb_eh2h_bcm07.v \
/home/xian001/SY13_DATA/RTL/sy1301/AE210P/ae210p/andes_ip/peripheral_ip/i_eh2h_s3m1/s3m1_DW_ahb_eh2h_bcm21.v \
/home/xian001/SY13_DATA/RTL/sy1301/AE210P/ae210p/andes_ip/peripheral_ip/i_eh2h_s3m1/s3m1_DW_ahb_eh2h_bcm59.v \
/home/xian001/SY13_DATA/RTL/sy1301/AE210P/ae210p/andes_ip/peripheral_ip/i_eh2h_s3m1/s3m1_DW_ahb_eh2h_begen.v \
/home/xian001/SY13_DATA/RTL/sy1301/AE210P/ae210p/andes_ip/peripheral_ip/i_eh2h_s3m1/s3m1_DW_ahb_eh2h_bxf.v \
/home/xian001/SY13_DATA/RTL/sy1301/AE210P/ae210p/andes_ip/peripheral_ip/i_eh2h_s3m1/s3m1_DW_ahb_eh2h_bxfd.v \
/home/xian001/SY13_DATA/RTL/sy1301/AE210P/ae210p/andes_ip/peripheral_ip/i_eh2h_s3m1/s3m1_DW_ahb_eh2h_dmux.v \
/home/xian001/SY13_DATA/RTL/sy1301/AE210P/ae210p/andes_ip/peripheral_ip/i_eh2h_s3m1/s3m1_DW_ahb_eh2h_dreg.v \
/home/xian001/SY13_DATA/RTL/sy1301/AE210P/ae210p/andes_ip/peripheral_ip/i_eh2h_s3m1/s3m1_DW_ahb_eh2h_drege.v \
/home/xian001/SY13_DATA/RTL/sy1301/AE210P/ae210p/andes_ip/peripheral_ip/i_eh2h_s3m1/s3m1_DW_ahb_eh2h_fifo.v \
/home/xian001/SY13_DATA/RTL/sy1301/AE210P/ae210p/andes_ip/peripheral_ip/i_eh2h_s3m1/s3m1_DW_ahb_eh2h_fifo_popp.v \
/home/xian001/SY13_DATA/RTL/sy1301/AE210P/ae210p/andes_ip/peripheral_ip/i_eh2h_s3m1/s3m1_DW_ahb_eh2h_fifo_pushp.v \
/home/xian001/SY13_DATA/RTL/sy1301/AE210P/ae210p/andes_ip/peripheral_ip/i_eh2h_s3m1/s3m1_DW_ahb_eh2h_fifo_s2_sf_wc.v \
/home/xian001/SY13_DATA/RTL/sy1301/AE210P/ae210p/andes_ip/peripheral_ip/i_eh2h_s3m1/s3m1_DW_ahb_eh2h_mbiu.v \
/home/xian001/SY13_DATA/RTL/sy1301/AE210P/ae210p/andes_ip/peripheral_ip/i_eh2h_s3m1/s3m1_DW_ahb_eh2h_mbiu_brfsm.v \
/home/xian001/SY13_DATA/RTL/sy1301/AE210P/ae210p/andes_ip/peripheral_ip/i_eh2h_s3m1/s3m1_DW_ahb_eh2h_mbiu_trfsm.v \
/home/xian001/SY13_DATA/RTL/sy1301/AE210P/ae210p/andes_ip/peripheral_ip/i_eh2h_s3m1/s3m1_DW_ahb_eh2h_nagen.v \
/home/xian001/SY13_DATA/RTL/sy1301/AE210P/ae210p/andes_ip/peripheral_ip/i_eh2h_s3m1/s3m1_DW_ahb_eh2h_sbiu.v \
/home/xian001/SY13_DATA/RTL/sy1301/AE210P/ae210p/andes_ip/peripheral_ip/i_eh2h_s3m1/s3m1_DW_ahb_eh2h_sbiu_bbc.v \
/home/xian001/SY13_DATA/RTL/sy1301/AE210P/ae210p/andes_ip/peripheral_ip/i_eh2h_s3m1/s3m1_DW_ahb_eh2h_sbiu_rbfsm.v \
/home/xian001/SY13_DATA/RTL/sy1301/AE210P/ae210p/andes_ip/peripheral_ip/i_eh2h_s3m1/s3m1_DW_ahb_eh2h_sbiu_refsm.v \
/home/xian001/SY13_DATA/RTL/sy1301/AE210P/ae210p/andes_ip/peripheral_ip/i_eh2h_s3m1/s3m1_DW_ahb_eh2h_sbiu_rpfsm.v \
/home/xian001/SY13_DATA/RTL/sy1301/AE210P/ae210p/andes_ip/peripheral_ip/i_eh2h_s3m1/s3m1_DW_ahb_eh2h_sbiu_scg.v \
/home/xian001/SY13_DATA/RTL/sy1301/AE210P/ae210p/andes_ip/peripheral_ip/i_eh2h_s3m1/s3m1_DW_ahb_eh2h_sbiu_scs.v \
/home/xian001/SY13_DATA/RTL/sy1301/AE210P/ae210p/andes_ip/peripheral_ip/i_eh2h_s3m1/s3m1_DW_ahb_eh2h_sbiu_tout.v \
/home/xian001/SY13_DATA/RTL/sy1301/AE210P/ae210p/andes_ip/peripheral_ip/i_eh2h_s3m1/s3m1_DW_ahb_eh2h_sbiu_upfsm.v \
/home/xian001/SY13_DATA/RTL/sy1301/AE210P/ae210p/andes_ip/peripheral_ip/i_eh2h_s3m1/s3m1_DW_ahb_eh2h_sbiu_wpfsm.v \
/home/xian001/SY13_DATA/RTL/sy1301/AE210P/ae210p/andes_ip/peripheral_ip/i_eh2h_s3m1/s3m1_DW_ahb_eh2h_swio.v \
/home/xian001/SY13_DATA/RTL/sy1301/AE210P/ae210p/andes_ip/peripheral_ip/i_eh2h_s3m1/s3m1_DW_ahb_eh2h-undef.v \
/home/xian001/SY13_DATA/RTL/sy1301/AE210P/ae210p/andes_ip/peripheral_ip/i_h2h_async/src/DW_ahb_h2h_cc_constants.v \
/home/xian001/SY13_DATA/RTL/sy1301/AE210P/ae210p/andes_ip/peripheral_ip/i_h2h_async/src/DW_ahb_h2h_constants.v \
/home/xian001/SY13_DATA/RTL/sy1301/AE210P/ae210p/andes_ip/peripheral_ip/i_h2h_async/src/DW_ahb_h2h_bcm_params.v \
/home/xian001/SY13_DATA/RTL/sy1301/AE210P/ae210p/andes_ip/peripheral_ip/i_h2h_async/src/DW_ahb_h2h_macros.v \
/home/xian001/SY13_DATA/RTL/sy1301/AE210P/ae210p/andes_ip/peripheral_ip/i_h2h_async/src/DW_ahb_h2h_async.v \
/home/xian001/SY13_DATA/RTL/sy1301/AE210P/ae210p/andes_ip/peripheral_ip/i_h2h_async/src/DW_ahb_h2h_bcm02.v \
/home/xian001/SY13_DATA/RTL/sy1301/AE210P/ae210p/andes_ip/peripheral_ip/i_h2h_async/src/DW_ahb_h2h_bcm21.v \
/home/xian001/SY13_DATA/RTL/sy1301/AE210P/ae210p/andes_ip/peripheral_ip/i_h2h_async/src/DW_ahb_h2h_begen.v \
/home/xian001/SY13_DATA/RTL/sy1301/AE210P/ae210p/andes_ip/peripheral_ip/i_h2h_async/src/DW_ahb_h2h_core.v \
/home/xian001/SY13_DATA/RTL/sy1301/AE210P/ae210p/andes_ip/peripheral_ip/i_h2h_async/src/DW_ahb_h2h_dreg.v \
/home/xian001/SY13_DATA/RTL/sy1301/AE210P/ae210p/andes_ip/peripheral_ip/i_h2h_async/src/DW_ahb_h2h_mbiu.v \
/home/xian001/SY13_DATA/RTL/sy1301/AE210P/ae210p/andes_ip/peripheral_ip/i_h2h_async/src/DW_ahb_h2h_mfsm.v \
/home/xian001/SY13_DATA/RTL/sy1301/AE210P/ae210p/andes_ip/peripheral_ip/i_h2h_async/src/DW_ahb_h2h_sbiu.v \
/home/xian001/SY13_DATA/RTL/sy1301/AE210P/ae210p/andes_ip/peripheral_ip/i_h2h_async/src/DW_ahb_h2h_sfsm.v \
/home/xian001/SY13_DATA/RTL/sy1301/AE210P/ae210p/andes_ip/peripheral_ip/i_h2h_async/src/DW_ahb_h2h_sync.v \
/home/xian001/SY13_DATA/RTL/sy1301/AE210P/ae210p/andes_ip/peripheral_ip/i_h2h_async/src/DW_ahb_h2h-undef.v \
/home/xian001/SY13_DATA/RTL/sy1301/AE210P/ae210p/andes_ip/peripheral_ip/i_h2h_s1m2/s1m2_DW_ahb_h2h_cc_constants.v \
/home/xian001/SY13_DATA/RTL/sy1301/AE210P/ae210p/andes_ip/peripheral_ip/i_h2h_s1m2/s1m2_DW_ahb_h2h_bcm_params.v \
/home/xian001/SY13_DATA/RTL/sy1301/AE210P/ae210p/andes_ip/peripheral_ip/i_h2h_s1m2/s1m2_DW_ahb_h2h_constants.v \
/home/xian001/SY13_DATA/RTL/sy1301/AE210P/ae210p/andes_ip/peripheral_ip/i_h2h_s1m2/s1m2_DW_ahb_h2h_macros.v \
/home/xian001/SY13_DATA/RTL/sy1301/AE210P/ae210p/andes_ip/peripheral_ip/i_h2h_s1m2/s1m2_DW_ahb_h2h.v \
/home/xian001/SY13_DATA/RTL/sy1301/AE210P/ae210p/andes_ip/peripheral_ip/i_h2h_s1m2/s1m2_DW_ahb_h2h_bcm02.v \
/home/xian001/SY13_DATA/RTL/sy1301/AE210P/ae210p/andes_ip/peripheral_ip/i_h2h_s1m2/s1m2_DW_ahb_h2h_bcm21.v \
/home/xian001/SY13_DATA/RTL/sy1301/AE210P/ae210p/andes_ip/peripheral_ip/i_h2h_s1m2/s1m2_DW_ahb_h2h_begen.v \
/home/xian001/SY13_DATA/RTL/sy1301/AE210P/ae210p/andes_ip/peripheral_ip/i_h2h_s1m2/s1m2_DW_ahb_h2h_core.v \
/home/xian001/SY13_DATA/RTL/sy1301/AE210P/ae210p/andes_ip/peripheral_ip/i_h2h_s1m2/s1m2_DW_ahb_h2h_dreg.v \
/home/xian001/SY13_DATA/RTL/sy1301/AE210P/ae210p/andes_ip/peripheral_ip/i_h2h_s1m2/s1m2_DW_ahb_h2h_mbiu.v \
/home/xian001/SY13_DATA/RTL/sy1301/AE210P/ae210p/andes_ip/peripheral_ip/i_h2h_s1m2/s1m2_DW_ahb_h2h_mfsm.v \
/home/xian001/SY13_DATA/RTL/sy1301/AE210P/ae210p/andes_ip/peripheral_ip/i_h2h_s1m2/s1m2_DW_ahb_h2h_sbiu.v \
/home/xian001/SY13_DATA/RTL/sy1301/AE210P/ae210p/andes_ip/peripheral_ip/i_h2h_s1m2/s1m2_DW_ahb_h2h_sfsm.v \
/home/xian001/SY13_DATA/RTL/sy1301/AE210P/ae210p/andes_ip/peripheral_ip/i_h2h_s1m2/s1m2_DW_ahb_h2h_sync.v \
/home/xian001/SY13_DATA/RTL/sy1301/AE210P/ae210p/andes_ip/peripheral_ip/i_h2h_s1m2/s1m2_DW_ahb_h2h-undef.v \
/home/xian001/SY13_DATA/RTL/sy1301/CortexM0/integration_kit/logical/peripheral/i2c_dw/DW_apb_i2c_cc_constants.v \
/home/xian001/SY13_DATA/RTL/sy1301/CortexM0/integration_kit/logical/peripheral/i2c_dw/DW_apb_i2c_bcm_params.v \
/home/xian001/SY13_DATA/RTL/sy1301/CortexM0/integration_kit/logical/peripheral/i2c_dw/DW_apb_i2c.v \
/home/xian001/SY13_DATA/RTL/sy1301/CortexM0/integration_kit/logical/peripheral/i2c_dw/DW_apb_i2c_bcm06.v \
/home/xian001/SY13_DATA/RTL/sy1301/CortexM0/integration_kit/logical/peripheral/i2c_dw/DW_apb_i2c_bcm21.v \
/home/xian001/SY13_DATA/RTL/sy1301/CortexM0/integration_kit/logical/peripheral/i2c_dw/DW_apb_i2c_bcm41.v \
/home/xian001/SY13_DATA/RTL/sy1301/CortexM0/integration_kit/logical/peripheral/i2c_dw/DW_apb_i2c_bcm57.v \
/home/xian001/SY13_DATA/RTL/sy1301/CortexM0/integration_kit/logical/peripheral/i2c_dw/DW_apb_i2c_biu.v \
/home/xian001/SY13_DATA/RTL/sy1301/CortexM0/integration_kit/logical/peripheral/i2c_dw/DW_apb_i2c_clk_gen.v \
/home/xian001/SY13_DATA/RTL/sy1301/CortexM0/integration_kit/logical/peripheral/i2c_dw/DW_apb_i2c_dma.v \
/home/xian001/SY13_DATA/RTL/sy1301/CortexM0/integration_kit/logical/peripheral/i2c_dw/DW_apb_i2c_fifo.v \
/home/xian001/SY13_DATA/RTL/sy1301/CortexM0/integration_kit/logical/peripheral/i2c_dw/DW_apb_i2c_intctl.v \
/home/xian001/SY13_DATA/RTL/sy1301/CortexM0/integration_kit/logical/peripheral/i2c_dw/DW_apb_i2c_mstfsm.v \
/home/xian001/SY13_DATA/RTL/sy1301/CortexM0/integration_kit/logical/peripheral/i2c_dw/DW_apb_i2c_regfile.v \
/home/xian001/SY13_DATA/RTL/sy1301/CortexM0/integration_kit/logical/peripheral/i2c_dw/DW_apb_i2c_rx_filter.v \
/home/xian001/SY13_DATA/RTL/sy1301/CortexM0/integration_kit/logical/peripheral/i2c_dw/DW_apb_i2c_rx_shift.v \
/home/xian001/SY13_DATA/RTL/sy1301/CortexM0/integration_kit/logical/peripheral/i2c_dw/DW_apb_i2c_slvfsm.v \
/home/xian001/SY13_DATA/RTL/sy1301/CortexM0/integration_kit/logical/peripheral/i2c_dw/DW_apb_i2c_sync.v \
/home/xian001/SY13_DATA/RTL/sy1301/CortexM0/integration_kit/logical/peripheral/i2c_dw/DW_apb_i2c_toggle.v \
/home/xian001/SY13_DATA/RTL/sy1301/CortexM0/integration_kit/logical/peripheral/i2c_dw/DW_apb_i2c_tx_shift.v \
/home/xian001/SY13_DATA/RTL/sy1301/CortexM0/integration_kit/logical/peripheral/i2c_dw/DW_apb_i2c-undef.v \
/home/xian001/SY13_DATA/RTL/sy1301/CortexM0/integration_kit/logical/peripheral/uart_dw/DW_apb_uart_cc_constants.v \
/home/xian001/SY13_DATA/RTL/sy1301/CortexM0/integration_kit/logical/peripheral/uart_dw/DW_apb_uart_bcm_params.v \
/home/xian001/SY13_DATA/RTL/sy1301/CortexM0/integration_kit/logical/peripheral/uart_dw/DW_apb_async_rst_gen.v \
/home/xian001/SY13_DATA/RTL/sy1301/CortexM0/integration_kit/logical/peripheral/uart_dw/DW_apb_uart.v \
/home/xian001/SY13_DATA/RTL/sy1301/CortexM0/integration_kit/logical/peripheral/uart_dw/DW_apb_uart_bclk_gen.v \
/home/xian001/SY13_DATA/RTL/sy1301/CortexM0/integration_kit/logical/peripheral/uart_dw/DW_apb_uart_bcm06.v \
/home/xian001/SY13_DATA/RTL/sy1301/CortexM0/integration_kit/logical/peripheral/uart_dw/DW_apb_uart_bcm21.v \
/home/xian001/SY13_DATA/RTL/sy1301/CortexM0/integration_kit/logical/peripheral/uart_dw/DW_apb_uart_bcm23.v \
/home/xian001/SY13_DATA/RTL/sy1301/CortexM0/integration_kit/logical/peripheral/uart_dw/DW_apb_uart_bcm25.v \
/home/xian001/SY13_DATA/RTL/sy1301/CortexM0/integration_kit/logical/peripheral/uart_dw/DW_apb_uart_bcm57.v \
/home/xian001/SY13_DATA/RTL/sy1301/CortexM0/integration_kit/logical/peripheral/uart_dw/DW_apb_uart_biu.v \
/home/xian001/SY13_DATA/RTL/sy1301/CortexM0/integration_kit/logical/peripheral/uart_dw/DW_apb_uart_fifo.v \
/home/xian001/SY13_DATA/RTL/sy1301/CortexM0/integration_kit/logical/peripheral/uart_dw/DW_apb_uart_mc_sync.v \
/home/xian001/SY13_DATA/RTL/sy1301/CortexM0/integration_kit/logical/peripheral/uart_dw/DW_apb_uart_regfile.v \
/home/xian001/SY13_DATA/RTL/sy1301/CortexM0/integration_kit/logical/peripheral/uart_dw/DW_apb_uart_rst.v \
/home/xian001/SY13_DATA/RTL/sy1301/CortexM0/integration_kit/logical/peripheral/uart_dw/DW_apb_uart_rx.v \
/home/xian001/SY13_DATA/RTL/sy1301/CortexM0/integration_kit/logical/peripheral/uart_dw/DW_apb_uart_sync.v \
/home/xian001/SY13_DATA/RTL/sy1301/CortexM0/integration_kit/logical/peripheral/uart_dw/DW_apb_uart_to_det.v \
/home/xian001/SY13_DATA/RTL/sy1301/CortexM0/integration_kit/logical/peripheral/uart_dw/DW_apb_uart_tx.v \
/home/xian001/SY13_DATA/RTL/sy1301/CortexM0/integration_kit/logical/peripheral/uart_dw/DW_apb_uart-undef.v \
/home/xian001/SY13_DATA/RTL/sy1301/AE210P/ae210p/andes_ip/peripheral_ip/i_eh2h_ap2sp/ap2sp_DW_ahb_eh2h_cc_constants.v \
/home/xian001/SY13_DATA/RTL/sy1301/AE210P/ae210p/andes_ip/peripheral_ip/i_eh2h_ap2sp/ap2sp_DW_ahb_eh2h_constants.v \
/home/xian001/SY13_DATA/RTL/sy1301/AE210P/ae210p/andes_ip/peripheral_ip/i_eh2h_ap2sp/ap2sp_DW_ahb_eh2h_bcm_params.v \
/home/xian001/SY13_DATA/RTL/sy1301/AE210P/ae210p/andes_ip/peripheral_ip/i_eh2h_ap2sp/ap2sp_DW_ahb_eh2h_macros.v \
/home/xian001/SY13_DATA/RTL/sy1301/AE210P/ae210p/andes_ip/peripheral_ip/i_eh2h_ap2sp/ap2sp_DW_ahb_eh2h.v \
/home/xian001/SY13_DATA/RTL/sy1301/AE210P/ae210p/andes_ip/peripheral_ip/i_eh2h_ap2sp/ap2sp_DW_ahb_eh2h_1kdist.v \
/home/xian001/SY13_DATA/RTL/sy1301/AE210P/ae210p/andes_ip/peripheral_ip/i_eh2h_ap2sp/ap2sp_DW_ahb_eh2h_aagen.v \
/home/xian001/SY13_DATA/RTL/sy1301/AE210P/ae210p/andes_ip/peripheral_ip/i_eh2h_ap2sp/ap2sp_DW_ahb_eh2h_bcm02.v \
/home/xian001/SY13_DATA/RTL/sy1301/AE210P/ae210p/andes_ip/peripheral_ip/i_eh2h_ap2sp/ap2sp_DW_ahb_eh2h_bcm05.v \
/home/xian001/SY13_DATA/RTL/sy1301/AE210P/ae210p/andes_ip/peripheral_ip/i_eh2h_ap2sp/ap2sp_DW_ahb_eh2h_bcm07.v \
/home/xian001/SY13_DATA/RTL/sy1301/AE210P/ae210p/andes_ip/peripheral_ip/i_eh2h_ap2sp/ap2sp_DW_ahb_eh2h_bcm21.v \
/home/xian001/SY13_DATA/RTL/sy1301/AE210P/ae210p/andes_ip/peripheral_ip/i_eh2h_ap2sp/ap2sp_DW_ahb_eh2h_bcm59.v \
/home/xian001/SY13_DATA/RTL/sy1301/AE210P/ae210p/andes_ip/peripheral_ip/i_eh2h_ap2sp/ap2sp_DW_ahb_eh2h_begen.v \
/home/xian001/SY13_DATA/RTL/sy1301/AE210P/ae210p/andes_ip/peripheral_ip/i_eh2h_ap2sp/ap2sp_DW_ahb_eh2h_bxf.v \
/home/xian001/SY13_DATA/RTL/sy1301/AE210P/ae210p/andes_ip/peripheral_ip/i_eh2h_ap2sp/ap2sp_DW_ahb_eh2h_bxfd.v \
/home/xian001/SY13_DATA/RTL/sy1301/AE210P/ae210p/andes_ip/peripheral_ip/i_eh2h_ap2sp/ap2sp_DW_ahb_eh2h_dmux.v \
/home/xian001/SY13_DATA/RTL/sy1301/AE210P/ae210p/andes_ip/peripheral_ip/i_eh2h_ap2sp/ap2sp_DW_ahb_eh2h_dreg.v \
/home/xian001/SY13_DATA/RTL/sy1301/AE210P/ae210p/andes_ip/peripheral_ip/i_eh2h_ap2sp/ap2sp_DW_ahb_eh2h_drege.v \
/home/xian001/SY13_DATA/RTL/sy1301/AE210P/ae210p/andes_ip/peripheral_ip/i_eh2h_ap2sp/ap2sp_DW_ahb_eh2h_fifo.v \
/home/xian001/SY13_DATA/RTL/sy1301/AE210P/ae210p/andes_ip/peripheral_ip/i_eh2h_ap2sp/ap2sp_DW_ahb_eh2h_fifo_popp.v \
/home/xian001/SY13_DATA/RTL/sy1301/AE210P/ae210p/andes_ip/peripheral_ip/i_eh2h_ap2sp/ap2sp_DW_ahb_eh2h_fifo_pushp.v \
/home/xian001/SY13_DATA/RTL/sy1301/AE210P/ae210p/andes_ip/peripheral_ip/i_eh2h_ap2sp/ap2sp_DW_ahb_eh2h_fifo_s2_sf_wc.v \
/home/xian001/SY13_DATA/RTL/sy1301/AE210P/ae210p/andes_ip/peripheral_ip/i_eh2h_ap2sp/ap2sp_DW_ahb_eh2h_mbiu.v \
/home/xian001/SY13_DATA/RTL/sy1301/AE210P/ae210p/andes_ip/peripheral_ip/i_eh2h_ap2sp/ap2sp_DW_ahb_eh2h_mbiu_brfsm.v \
/home/xian001/SY13_DATA/RTL/sy1301/AE210P/ae210p/andes_ip/peripheral_ip/i_eh2h_ap2sp/ap2sp_DW_ahb_eh2h_mbiu_trfsm.v \
/home/xian001/SY13_DATA/RTL/sy1301/AE210P/ae210p/andes_ip/peripheral_ip/i_eh2h_ap2sp/ap2sp_DW_ahb_eh2h_nagen.v \
/home/xian001/SY13_DATA/RTL/sy1301/AE210P/ae210p/andes_ip/peripheral_ip/i_eh2h_ap2sp/ap2sp_DW_ahb_eh2h_sbiu.v \
/home/xian001/SY13_DATA/RTL/sy1301/AE210P/ae210p/andes_ip/peripheral_ip/i_eh2h_ap2sp/ap2sp_DW_ahb_eh2h_sbiu_bbc.v \
/home/xian001/SY13_DATA/RTL/sy1301/AE210P/ae210p/andes_ip/peripheral_ip/i_eh2h_ap2sp/ap2sp_DW_ahb_eh2h_sbiu_rbfsm.v \
/home/xian001/SY13_DATA/RTL/sy1301/AE210P/ae210p/andes_ip/peripheral_ip/i_eh2h_ap2sp/ap2sp_DW_ahb_eh2h_sbiu_refsm.v \
/home/xian001/SY13_DATA/RTL/sy1301/AE210P/ae210p/andes_ip/peripheral_ip/i_eh2h_ap2sp/ap2sp_DW_ahb_eh2h_sbiu_rpfsm.v \
/home/xian001/SY13_DATA/RTL/sy1301/AE210P/ae210p/andes_ip/peripheral_ip/i_eh2h_ap2sp/ap2sp_DW_ahb_eh2h_sbiu_scg.v \
/home/xian001/SY13_DATA/RTL/sy1301/AE210P/ae210p/andes_ip/peripheral_ip/i_eh2h_ap2sp/ap2sp_DW_ahb_eh2h_sbiu_scs.v \
/home/xian001/SY13_DATA/RTL/sy1301/AE210P/ae210p/andes_ip/peripheral_ip/i_eh2h_ap2sp/ap2sp_DW_ahb_eh2h_sbiu_tout.v \
/home/xian001/SY13_DATA/RTL/sy1301/AE210P/ae210p/andes_ip/peripheral_ip/i_eh2h_ap2sp/ap2sp_DW_ahb_eh2h_sbiu_upfsm.v \
/home/xian001/SY13_DATA/RTL/sy1301/AE210P/ae210p/andes_ip/peripheral_ip/i_eh2h_ap2sp/ap2sp_DW_ahb_eh2h_sbiu_wpfsm.v \
/home/xian001/SY13_DATA/RTL/sy1301/AE210P/ae210p/andes_ip/peripheral_ip/i_eh2h_ap2sp/ap2sp_DW_ahb_eh2h_swio.v \
/home/xian001/SY13_DATA/RTL/sy1301/AE210P/ae210p/andes_ip/peripheral_ip/i_eh2h_ap2sp/ap2sp_DW_ahb_eh2h-undef.v \
/home/xian001/SY13_DATA/RTL/sy1301/AE210P/ae210p/andes_ip/peripheral_ip/pwm/pwm.v \
/home/xian001/SY13_DATA/RTL/sy1301/AE210P/ae210p/andes_ip/peripheral_ip/pwm/vpwm.v \
/home/xian001/SY13_DATA/RTL/sy1301/AE210P/ae210p/andes_ip/peripheral_ip/pwm/cm0ik_vpwm.v \
/home/xian001/SY13_DATA/RTL/sy1301/AE210P/ae210p/andes_ip/peripheral_ip/pwm/vpwm_fifo.v \
/home/xian001/SY13_DATA/RTL/sy1301/AE210P/ae210p/andes_ip/peripheral_ip/pwm/vpwm_par_reg.v \
/home/xian001/SY13_DATA/RTL/sy1301/AE210P/ae210p/andes_ip/peripheral_ip/sqi/apb2reg.v \
/home/xian001/SY13_DATA/RTL/sy1301/AE210P/ae210p/andes_ip/macro/nds_sync_l2l.v \
/home/xian001/SY13_DATA/RTL/sy1301/AE210P/ae210p/andes_ip/peripheral_ip/locsc/cmos_control.v \
/home/xian001/SY13_DATA/RTL/sy1301/AE210P/ae210p/andes_ip/peripheral_ip/locsc/cmos_fifo.v \
/home/xian001/SY13_DATA/RTL/sy1301/AE210P/ae210p/andes_ip/peripheral_ip/locsc/cmos_par_reg.v \
/home/xian001/SY13_DATA/RTL/sy1301/AE210P/ae210p/andes_ip/peripheral_ip/locsc/sync.v \
/home/xian001/SY13_DATA/RTL/sy1301/AE210P/ae210p/andes_ip/peripheral_ip/locsc/cmos_pars.v \
/home/xian001/SY13_DATA/RTL/sy1301/AE210P/ae210p/andes_ip/peripheral_ip/locsc/cmos_top.v \
/home/xian001/SY13_DATA/RTL/sy1301/AE210P/ae210p/andes_ip/peripheral_ip/sqi/ap_spi_top.v \
/home/xian001/SY13_DATA/RTL/sy1301/AE210P/ae210p/andes_ip/peripheral_ip/sqi/mmo_regctl.v \
/home/xian001/SY13_DATA/RTL/sy1301/AE210P/ae210p/andes_ip/peripheral_ip/sqi/mmo_top.v \
/home/xian001/SY13_DATA/RTL/sy1301/AE210P/ae210p/andes_ip/peripheral_ip/sqi/sqi_slave.v \
/home/xian001/SY13_DATA/RTL/sy1301/AE210P/ae210p/andes_ip/peripheral_ip/sqi/regctl.v \
/home/xian001/SY13_DATA/RTL/sy1301/AE210P/ae210p/andes_ip/peripheral_ip/sqi/rxdatactl.v \
/home/xian001/SY13_DATA/RTL/sy1301/AE210P/ae210p/andes_ip/peripheral_ip/sqi/smiFSM.v \
/home/xian001/SY13_DATA/RTL/sy1301/AE210P/ae210p/andes_ip/peripheral_ip/sqi/smi_regctl.v \
/home/xian001/SY13_DATA/RTL/sy1301/AE210P/ae210p/andes_ip/peripheral_ip/sqi/smi_top.v \
/home/xian001/SY13_DATA/RTL/sy1301/AE210P/ae210p/andes_ip/peripheral_ip/sqi/spiFSM.v \
/home/xian001/SY13_DATA/RTL/sy1301/AE210P/ae210p/andes_ip/peripheral_ip/sqi/sqi_clkgen.v \
/home/xian001/SY13_DATA/RTL/sy1301/AE210P/ae210p/andes_ip/peripheral_ip/sqi/sqi_define.v \
/home/xian001/SY13_DATA/RTL/sy1301/AE210P/ae210p/andes_ip/peripheral_ip/sqi/sqi_top.v \
/home/xian001/SY13_DATA/RTL/sy1301/AE210P/ae210p/andes_ip/peripheral_ip/timer/cm0ik_stclken_gen.v \
/home/xian001/SY13_DATA/RTL/sy1301/AE210P/ae210p/andes_ip/peripheral_ip/timer/cm0ik_t.v \
/home/xian001/SY13_DATA/RTL/sy1301/AE210P/ae210p/andes_ip/peripheral_ip/IntMemCtrl/n10_ahb_sram_bridge.v \
/home/xian001/SY13_DATA/RTL/sy1301/AE210P/ae210p/andes_ip/peripheral_ip/IntMemCtrl/n10_ahb_rom_bridge.v \
/home/xian001/SY13_DATA/RTL/sy1301/AE210P/ae210p/andes_ip/peripheral_ip/IntMemCtrl/n10_ahb_sram200m_bridge.v \
/home/xian001/SY13_DATA/RTL/sy1301/AE210P/ae210p/andes_ip/peripheral_ip/IntMemCtrl/n10_ahb_sram400m_bridge.v \
/home/xian001/SY13_DATA/RTL/sy1301/AE210P/ae210p/andes_ip/n10_core/biu/hdl/biu_ahb_wrapper.v \
/home/xian001/SY13_DATA/RTL/sy1301/AE210P/ae210p/andes_ip/n10_core/biu/hdl/biu_apb_wrapper.v \
/home/xian001/SY13_DATA/RTL/sy1301/AE210P/ae210p/andes_ip/n10_core/biu/hdl/biu_async_fifo.v \
/home/xian001/SY13_DATA/RTL/sy1301/AE210P/ae210p/andes_ip/n10_core/biu/hdl/biu_axi_wrapper.v \
/home/xian001/SY13_DATA/RTL/sy1301/AE210P/ae210p/andes_ip/n10_core/biu/hdl/biu_path.v \
/home/xian001/SY13_DATA/RTL/sy1301/AE210P/ae210p/andes_ip/n10_core/biu/hdl/biu_sync.v \
/home/xian001/SY13_DATA/RTL/sy1301/AE210P/ae210p/andes_ip/n10_core/biu/hdl/biu_sync_async_fifo.v \
/home/xian001/SY13_DATA/RTL/sy1301/AE210P/ae210p/andes_ip/n10_core/biu/hdl/biu_sync_fifo.v \
/home/xian001/SY13_DATA/RTL/sy1301/AE210P/ae210p/andes_ip/n10_core/biu/hdl/biu.v \
/home/xian001/SY13_DATA/RTL/sy1301/AE210P/ae210p/andes_ip/n10_core/edm/hdl/edm.v \
/home/xian001/SY13_DATA/RTL/sy1301/AE210P/ae210p/andes_ip/n10_core/edm/hdl/edm_tap.v \
/home/xian001/SY13_DATA/RTL/sy1301/AE210P/ae210p/andes_ip/n10_core/macro/hdl/edm_tck_inv.v \
/home/xian001/SY13_DATA/RTL/sy1301/AE210P/ae210p/andes_ip/n10_core/edm/hdl/edm_bcu.v \
/home/xian001/SY13_DATA/RTL/sy1301/AE210P/ae210p/andes_ip/n10_core/edm/hdl/edm_dimu.v \
/home/xian001/SY13_DATA/RTL/sy1301/AE210P/ae210p/andes_ip/n10_core/edm/hdl/edm_gck.v \
/home/xian001/SY13_DATA/RTL/sy1301/AE210P/ae210p/andes_ip/ncesfp/macro/hdl/ncesfp_gck.v \
/home/xian001/SY13_DATA/RTL/sy1301/AE210P/ae210p/andes_ip/peripheral_ip/Ahb2AhbSyncDn/Ahb2AhbSyncDn32.v \
/home/xian001/SY13_DATA/RTL/sy1301/AE210P/ae210p/andes_ip/peripheral_ip/Ahb2AhbSyncDn/Ahb2LiteSyncDn32.v \
/home/xian001/SY13_DATA/RTL/sy1301/AE210P/ae210p/andes_ip/peripheral_ip/Ahb2AhbSyncDn/ErrorCanc.v \
/home/xian001/SY13_DATA/RTL/sy1301/AE210P/ae210p/andes_ip/peripheral_ip/Ahb2AhbSyncDn/IncrOverride.v \
/home/xian001/SY13_DATA/RTL/sy1301/AE210P/ae210p/andes_ip/peripheral_ip/Ahb2AhbSyncDn/Lite2Ahb.v \
/home/xian001/SY13_DATA/RTL/sy1301/AE210P/ae210p/andes_ip/peripheral_ip/Ahb2AhbSyncUp/Ahb2AhbSyncUp32.v \
/home/xian001/SY13_DATA/RTL/sy1301/AE210P/ae210p/andes_ip/peripheral_ip/Ahb2AhbSyncUp/Ahb2LiteSyncUp32.v \
/home/xian001/SY13_DATA/RTL/sy1301/AE210P/ae210p/andes_ip/peripheral_ip/Ahb2AhbAsync/Ahb2AhbAsync32.v \
/home/xian001/SY13_DATA/RTL/sy1301/AE210P/ae210p/andes_ip/peripheral_ip/Ahb2AhbAsync/AsyncMaster32.v \
/home/xian001/SY13_DATA/RTL/sy1301/AE210P/ae210p/andes_ip/peripheral_ip/Ahb2AhbAsync/AsyncSlave32.v \
/home/xian001/SY13_DATA/RTL/sy1301/AE210P/ae210p/andes_ip/peripheral_ip/Ahb2AhbAsync/Sync1.v \
]
